/bin/bash: ./jobscript.sh: Permission denied

------------------------------------------------------------
Sender: LSF System <lsfadmin@n-62-21-1>
Subject: Job 669355: <NONAME> in cluster <dcc> Exited

Job <NONAME> was submitted from host <hpclogin3> by user <s160159> in cluster <dcc> at Tue Nov 21 15:03:51 2017.
Job was executed on host(s) <n-62-21-1>, in queue <hpc>, as user <s160159> in cluster <dcc> at Tue Nov 21 15:03:51 2017.
</zhome/d4/8/112215> was used as the home directory.
</zhome/d4/8/112215/Documents/Deep_Learning_Project/Code> was used as the working directory.
Started at Tue Nov 21 15:03:51 2017.
Terminated at Tue Nov 21 15:03:52 2017.
Results reported at Tue Nov 21 15:03:52 2017.

Your job looked like:

------------------------------------------------------------
# LSBATCH: User input
jobscript.sh
------------------------------------------------------------

Exited with exit code 126.

Resource usage summary:

    CPU time :                                   0.21 sec.
    Max Memory :                                 -
    Average Memory :                             -
    Total Requested Memory :                     1024.00 MB
    Delta Memory :                               -
    Max Swap :                                   -
    Max Processes :                              -
    Max Threads :                                -
    Run time :                                   15 sec.
    Turnaround time :                            1 sec.

The output (if any) is above this job summary.

