Loaded module: python3/3.6.2
Loaded dependency [numpy/1.13.1-python-3.6.2-openblas-0.2.20]: openblas/0.2.20
Loaded dependency [scipy/0.19.1-python-3.6.2]: numpy/1.13.1-python-3.6.2-openblas-0.2.20
Loaded module: scipy/0.19.1-python-3.6.2
Loaded module: matplotlib/2.0.2-python-3.6.2
2017-12-11 20:48:27.808747: I tensorflow/core/platform/cpu_feature_guard.cc:137] Your CPU supports instructions that this TensorFlow binary was not compiled to use: SSE4.1 SSE4.2 AVX AVX2 FMA
/appl/tensorflow/1.4cpu-python362/lib/python3.6/importlib/_bootstrap.py:205: RuntimeWarning: compiletime version 3.5 of module 'tensorflow.python.framework.fast_tensor_util' does not match runtime version 3.6
  return f(*args, **kwds)
Loading subject 1...
Printing sleep stage 0...
Printing sleep stage 1...
Printing sleep stage 2...
Printing sleep stage 3...
Printing sleep stage 4...
Printing sleep stage 5...
Printing sleep stage 0...
Printing sleep stage 1...
Printing sleep stage 2...
Printing sleep stage 3...
Printing sleep stage 4...
Printing sleep stage 5...
Printing sleep stage 0...
Printing sleep stage 1...
Printing sleep stage 2...
Printing sleep stage 3...
Printing sleep stage 4...
Printing sleep stage 5...
