Loaded module: python3/3.6.2
Loaded dependency [numpy/1.13.1-python-3.6.2-openblas-0.2.20]: openblas/0.2.20
Loaded dependency [scipy/0.19.1-python-3.6.2]: numpy/1.13.1-python-3.6.2-openblas-0.2.20
Loaded module: scipy/0.19.1-python-3.6.2
/appl/tensorflow/1.4cpu-python362/lib/python3.6/importlib/_bootstrap.py:205: RuntimeWarning: compiletime version 3.5 of module 'tensorflow.python.framework.fast_tensor_util' does not match runtime version 3.6
  return f(*args, **kwds)
Loading subject 1...
Printing sleep stage 0...
Traceback (most recent call last):
  File "sensitivity.py", line 75, in <module>
    sen_map_class='clean_' + str(subjects_list[1][i]))
  File "/zhome/d4/8/112215/Documents/deep/Code/utils_s160159.py", line 71, in cal_sen_map
    f = plt.figure()
  File "/zhome/d4/8/112215/.local/lib/python3.6/site-packages/matplotlib/pyplot.py", line 534, in figure
    **kwargs)
  File "/zhome/d4/8/112215/.local/lib/python3.6/site-packages/matplotlib/backend_bases.py", line 170, in new_figure_manager
    return cls.new_figure_manager_given_figure(num, fig)
  File "/zhome/d4/8/112215/.local/lib/python3.6/site-packages/matplotlib/backends/backend_tkagg.py", line 1049, in new_figure_manager_given_figure
    window = Tk.Tk(className="matplotlib")
  File "/appl/python/3.6.2/lib/python3.6/tkinter/__init__.py", line 2017, in __init__
    self.tk = _tkinter.create(screenName, baseName, className, interactive, wantobjects, useTk, sync, use)
_tkinter.TclError: no display name and no $DISPLAY environment variable
